<?xml version="1.0" encoding="UTF-8"?>
<!-- Generated by org.testng.reporters.JUnitReportReporter -->
<testsuite hostname="DESKTOP-7H4IG7D" failures="0" tests="3" name="com.buggyCars.tests.Login" time="20.432" errors="0" timestamp="2022-07-21T09:45:52 GST" skipped="0">
  <testcase classname="com.buggyCars.tests.Login" name="invalidLogin" time="5.540"/>
  <system-out/>
  <testcase classname="com.buggyCars.tests.Login" name="validLogin" time="8.590"/>
  <system-out/>
  <testcase classname="com.buggyCars.tests.Login" name="logout" time="6.302"/>
  <system-out/>
</testsuite> <!-- com.buggyCars.tests.Login -->
