<?xml version="1.0" encoding="UTF-8"?>
<!-- Generated by org.testng.reporters.JUnitReportReporter -->
<testsuite hostname="DESKTOP-7H4IG7D" failures="0" tests="1" name="com.buggyCars.tests.Registration" time="6.854" errors="0" timestamp="2022-07-21T09:45:52 GST" skipped="0">
  <testcase classname="com.buggyCars.tests.Registration" name="registration" time="6.854"/>
  <system-out/>
</testsuite> <!-- com.buggyCars.tests.Registration -->
