<?xml version="1.0" encoding="UTF-8"?>
<!-- Generated by org.testng.reporters.JUnitReportReporter -->
<testsuite hostname="DESKTOP-7H4IG7D" failures="0" tests="1" name="com.buggyCars.tests.VoteWithoutLogin" time="10.151" errors="0" timestamp="2022-07-21T09:45:52 GST" skipped="0">
  <testcase classname="com.buggyCars.tests.VoteWithoutLogin" name="invalidVote" time="10.151"/>
  <system-out/>
</testsuite> <!-- com.buggyCars.tests.VoteWithoutLogin -->
