<?xml version="1.0" encoding="UTF-8"?>
<!-- Generated by org.testng.reporters.JUnitReportReporter -->
<testsuite hostname="DESKTOP-7H4IG7D" failures="0" tests="3" name="com.buggyCars.tests.Navigation" time="13.768" errors="0" timestamp="2022-07-21T09:45:52 GST" skipped="0">
  <testcase classname="com.buggyCars.tests.Navigation" name="popularModelNavigation" time="4.659"/>
  <system-out/>
  <testcase classname="com.buggyCars.tests.Navigation" name="popularMakeNavigation" time="4.520"/>
  <system-out/>
  <testcase classname="com.buggyCars.tests.Navigation" name="overallRatingNavigation" time="4.589"/>
  <system-out/>
</testsuite> <!-- com.buggyCars.tests.Navigation -->
